<?xml version="1.0" encoding="UTF-8"?>
<!-- Generated by org.testng.reporters.JUnitReportReporter -->
<testsuite skipped="0" hostname="LAPTOP-593AFF7F" name="com.facebook.tests.LoginTest" tests="1" failures="0" timestamp="2021-05-23T19:47:34 IST" time="20.805" errors="0">
  <testcase name="doLoginTest" time="20.805" classname="com.facebook.tests.LoginTest"/>
  <system-out/>
</testsuite> <!-- com.facebook.tests.LoginTest -->
